Performing C SOURCE FILE Test HAVE_WFLAG_SHORTEN_64_TO_32 failed with the following output:
Change Dir: /home/gdal/build/CMakeFiles/CMakeTmp

Run Build Command(s):/usr/bin/gmake -f Makefile cmTC_f4aed/fast && /usr/bin/gmake  -f CMakeFiles/cmTC_f4aed.dir/build.make CMakeFiles/cmTC_f4aed.dir/build
gmake[1]: Entering directory '/home/gdal/build/CMakeFiles/CMakeTmp'
Building C object CMakeFiles/cmTC_f4aed.dir/src.c.o
/usr/bin/gcc -DHAVE_WFLAG_SHORTEN_64_TO_32  -Wshorten-64-to-32 -std=gnu99 -o CMakeFiles/cmTC_f4aed.dir/src.c.o -c /home/gdal/build/CMakeFiles/CMakeTmp/src.c
gcc: error: unrecognized command-line option '-Wshorten-64-to-32'
gmake[1]: *** [CMakeFiles/cmTC_f4aed.dir/build.make:78: CMakeFiles/cmTC_f4aed.dir/src.c.o] Error 1
gmake[1]: Leaving directory '/home/gdal/build/CMakeFiles/CMakeTmp'
gmake: *** [Makefile:127: cmTC_f4aed/fast] Error 2


Source file was:
 int main() { return 0; }
Performing C++ SOURCE FILE Test HAVE_WFLAG_SHADOW_FIELD failed with the following output:
Change Dir: /home/gdal/build/CMakeFiles/CMakeTmp

Run Build Command(s):/usr/bin/gmake -f Makefile cmTC_7007a/fast && /usr/bin/gmake  -f CMakeFiles/cmTC_7007a.dir/build.make CMakeFiles/cmTC_7007a.dir/build
gmake[1]: Entering directory '/home/gdal/build/CMakeFiles/CMakeTmp'
Building CXX object CMakeFiles/cmTC_7007a.dir/src.cxx.o
/usr/bin/g++ -DHAVE_WFLAG_SHADOW_FIELD  -Wshadow-field -std=gnu++11 -o CMakeFiles/cmTC_7007a.dir/src.cxx.o -c /home/gdal/build/CMakeFiles/CMakeTmp/src.cxx
g++: error: unrecognized command-line option '-Wshadow-field'; did you mean '-Wshadow-ivar'?
gmake[1]: *** [CMakeFiles/cmTC_7007a.dir/build.make:78: CMakeFiles/cmTC_7007a.dir/src.cxx.o] Error 1
gmake[1]: Leaving directory '/home/gdal/build/CMakeFiles/CMakeTmp'
gmake: *** [Makefile:127: cmTC_7007a/fast] Error 2


Source file was:
#include <cstdio>
      int main() { return 0; }
Performing C SOURCE FILE Test HAVE_WFLAG_DUPLICATE_COND failed with the following output:
Change Dir: /home/gdal/build/CMakeFiles/CMakeTmp

Run Build Command(s):/usr/bin/gmake -f Makefile cmTC_f7300/fast && /usr/bin/gmake  -f CMakeFiles/cmTC_f7300.dir/build.make CMakeFiles/cmTC_f7300.dir/build
gmake[1]: Entering directory '/home/gdal/build/CMakeFiles/CMakeTmp'
Building C object CMakeFiles/cmTC_f7300.dir/src.c.o
/usr/bin/gcc -DHAVE_WFLAG_DUPLICATE_COND  -Wduplicate-cond -std=gnu99 -o CMakeFiles/cmTC_f7300.dir/src.c.o -c /home/gdal/build/CMakeFiles/CMakeTmp/src.c
gcc: error: unrecognized command-line option '-Wduplicate-cond'; did you mean '-Wduplicated-cond'?
gmake[1]: *** [CMakeFiles/cmTC_f7300.dir/build.make:78: CMakeFiles/cmTC_f7300.dir/src.c.o] Error 1
gmake[1]: Leaving directory '/home/gdal/build/CMakeFiles/CMakeTmp'
gmake: *** [Makefile:127: cmTC_f7300/fast] Error 2


Source file was:
 int main() { return 0; }
Performing C SOURCE FILE Test HAVE_WFLAG_COMMA failed with the following output:
Change Dir: /home/gdal/build/CMakeFiles/CMakeTmp

Run Build Command(s):/usr/bin/gmake -f Makefile cmTC_f14c3/fast && /usr/bin/gmake  -f CMakeFiles/cmTC_f14c3.dir/build.make CMakeFiles/cmTC_f14c3.dir/build
gmake[1]: Entering directory '/home/gdal/build/CMakeFiles/CMakeTmp'
Building C object CMakeFiles/cmTC_f14c3.dir/src.c.o
/usr/bin/gcc -DHAVE_WFLAG_COMMA  -Wcomma -std=gnu99 -o CMakeFiles/cmTC_f14c3.dir/src.c.o -c /home/gdal/build/CMakeFiles/CMakeTmp/src.c
gcc: error: unrecognized command-line option '-Wcomma'; did you mean '-Wcomment'?
gmake[1]: *** [CMakeFiles/cmTC_f14c3.dir/build.make:78: CMakeFiles/cmTC_f14c3.dir/src.c.o] Error 1
gmake[1]: Leaving directory '/home/gdal/build/CMakeFiles/CMakeTmp'
gmake: *** [Makefile:127: cmTC_f14c3/fast] Error 2


Source file was:
 int main() { return 0; }
Performing C SOURCE FILE Test HAVE_WFLAG_DOCUMENTATION_AND_NO_DEPRECATED failed with the following output:
Change Dir: /home/gdal/build/CMakeFiles/CMakeTmp

Run Build Command(s):/usr/bin/gmake -f Makefile cmTC_03744/fast && /usr/bin/gmake  -f CMakeFiles/cmTC_03744.dir/build.make CMakeFiles/cmTC_03744.dir/build
gmake[1]: Entering directory '/home/gdal/build/CMakeFiles/CMakeTmp'
Building C object CMakeFiles/cmTC_03744.dir/src.c.o
/usr/bin/gcc -DHAVE_WFLAG_DOCUMENTATION_AND_NO_DEPRECATED  -Wdocumentation -Wno-documentation-deprecated-sync -std=gnu99 -o CMakeFiles/cmTC_03744.dir/src.c.o -c /home/gdal/build/CMakeFiles/CMakeTmp/src.c
gcc: error: unrecognized command-line option '-Wdocumentation'
gmake[1]: *** [CMakeFiles/cmTC_03744.dir/build.make:78: CMakeFiles/cmTC_03744.dir/src.c.o] Error 1
gmake[1]: Leaving directory '/home/gdal/build/CMakeFiles/CMakeTmp'
gmake: *** [Makefile:127: cmTC_03744/fast] Error 2


Source file was:
 int main() { return 0; }
Performing C++ SOURCE FILE Test HAVE_WFLAG_UNUSED_PRIVATE_FIELD failed with the following output:
Change Dir: /home/gdal/build/CMakeFiles/CMakeTmp

Run Build Command(s):/usr/bin/gmake -f Makefile cmTC_ca273/fast && /usr/bin/gmake  -f CMakeFiles/cmTC_ca273.dir/build.make CMakeFiles/cmTC_ca273.dir/build
gmake[1]: Entering directory '/home/gdal/build/CMakeFiles/CMakeTmp'
Building CXX object CMakeFiles/cmTC_ca273.dir/src.cxx.o
/usr/bin/g++ -DHAVE_WFLAG_UNUSED_PRIVATE_FIELD  -Wunused-private-field -std=gnu++11 -o CMakeFiles/cmTC_ca273.dir/src.cxx.o -c /home/gdal/build/CMakeFiles/CMakeTmp/src.cxx
g++: error: unrecognized command-line option '-Wunused-private-field'
gmake[1]: *** [CMakeFiles/cmTC_ca273.dir/build.make:78: CMakeFiles/cmTC_ca273.dir/src.cxx.o] Error 1
gmake[1]: Leaving directory '/home/gdal/build/CMakeFiles/CMakeTmp'
gmake: *** [Makefile:127: cmTC_ca273/fast] Error 2


Source file was:
#include <cstdio>
      int main() { return 0; }
Determining if the include file xlocale.h exists failed with the following output:
Change Dir: /home/gdal/build/CMakeFiles/CMakeTmp

Run Build Command(s):/usr/bin/gmake -f Makefile cmTC_78619/fast && /usr/bin/gmake  -f CMakeFiles/cmTC_78619.dir/build.make CMakeFiles/cmTC_78619.dir/build
gmake[1]: Entering directory '/home/gdal/build/CMakeFiles/CMakeTmp'
Building C object CMakeFiles/cmTC_78619.dir/CheckIncludeFile.c.o
/usr/bin/gcc   -std=gnu99 -o CMakeFiles/cmTC_78619.dir/CheckIncludeFile.c.o -c /home/gdal/build/CMakeFiles/CMakeTmp/CheckIncludeFile.c
/home/gdal/build/CMakeFiles/CMakeTmp/CheckIncludeFile.c:1:10: fatal error: xlocale.h: No such file or directory
    1 | #include <xlocale.h>
      |          ^~~~~~~~~~~
compilation terminated.
gmake[1]: *** [CMakeFiles/cmTC_78619.dir/build.make:78: CMakeFiles/cmTC_78619.dir/CheckIncludeFile.c.o] Error 1
gmake[1]: Leaving directory '/home/gdal/build/CMakeFiles/CMakeTmp'
gmake: *** [Makefile:127: cmTC_78619/fast] Error 2



Determining if the include file direct.h exists failed with the following output:
Change Dir: /home/gdal/build/CMakeFiles/CMakeTmp

Run Build Command(s):/usr/bin/gmake -f Makefile cmTC_90890/fast && /usr/bin/gmake  -f CMakeFiles/cmTC_90890.dir/build.make CMakeFiles/cmTC_90890.dir/build
gmake[1]: Entering directory '/home/gdal/build/CMakeFiles/CMakeTmp'
Building C object CMakeFiles/cmTC_90890.dir/CheckIncludeFile.c.o
/usr/bin/gcc   -std=gnu99 -o CMakeFiles/cmTC_90890.dir/CheckIncludeFile.c.o -c /home/gdal/build/CMakeFiles/CMakeTmp/CheckIncludeFile.c
/home/gdal/build/CMakeFiles/CMakeTmp/CheckIncludeFile.c:1:10: fatal error: direct.h: No such file or directory
    1 | #include <direct.h>
      |          ^~~~~~~~~~
compilation terminated.
gmake[1]: *** [CMakeFiles/cmTC_90890.dir/build.make:78: CMakeFiles/cmTC_90890.dir/CheckIncludeFile.c.o] Error 1
gmake[1]: Leaving directory '/home/gdal/build/CMakeFiles/CMakeTmp'
gmake: *** [Makefile:127: cmTC_90890/fast] Error 2



Determining if the function ftell64 exists failed with the following output:
Change Dir: /home/gdal/build/CMakeFiles/CMakeTmp

Run Build Command(s):/usr/bin/gmake -f Makefile cmTC_81840/fast && /usr/bin/gmake  -f CMakeFiles/cmTC_81840.dir/build.make CMakeFiles/cmTC_81840.dir/build
gmake[1]: Entering directory '/home/gdal/build/CMakeFiles/CMakeTmp'
Building C object CMakeFiles/cmTC_81840.dir/CheckFunctionExists.c.o
/usr/bin/gcc   -DCHECK_FUNCTION_EXISTS=ftell64 -std=gnu99 -o CMakeFiles/cmTC_81840.dir/CheckFunctionExists.c.o -c /usr/share/cmake-3.22/Modules/CheckFunctionExists.c
Linking C executable cmTC_81840
/usr/bin/cmake -E cmake_link_script CMakeFiles/cmTC_81840.dir/link.txt --verbose=1
/usr/bin/gcc  -DCHECK_FUNCTION_EXISTS=ftell64 CMakeFiles/cmTC_81840.dir/CheckFunctionExists.c.o -o cmTC_81840 
/usr/bin/ld: CMakeFiles/cmTC_81840.dir/CheckFunctionExists.c.o: in function `main':
CheckFunctionExists.c:(.text+0x14): undefined reference to `ftell64'
collect2: error: ld returned 1 exit status
gmake[1]: *** [CMakeFiles/cmTC_81840.dir/build.make:99: cmTC_81840] Error 1
gmake[1]: Leaving directory '/home/gdal/build/CMakeFiles/CMakeTmp'
gmake: *** [Makefile:127: cmTC_81840/fast] Error 2



Determining if the function fseek64 exists failed with the following output:
Change Dir: /home/gdal/build/CMakeFiles/CMakeTmp

Run Build Command(s):/usr/bin/gmake -f Makefile cmTC_d084d/fast && /usr/bin/gmake  -f CMakeFiles/cmTC_d084d.dir/build.make CMakeFiles/cmTC_d084d.dir/build
gmake[1]: Entering directory '/home/gdal/build/CMakeFiles/CMakeTmp'
Building C object CMakeFiles/cmTC_d084d.dir/CheckFunctionExists.c.o
/usr/bin/gcc   -DCHECK_FUNCTION_EXISTS=fseek64 -std=gnu99 -o CMakeFiles/cmTC_d084d.dir/CheckFunctionExists.c.o -c /usr/share/cmake-3.22/Modules/CheckFunctionExists.c
Linking C executable cmTC_d084d
/usr/bin/cmake -E cmake_link_script CMakeFiles/cmTC_d084d.dir/link.txt --verbose=1
/usr/bin/gcc  -DCHECK_FUNCTION_EXISTS=fseek64 CMakeFiles/cmTC_d084d.dir/CheckFunctionExists.c.o -o cmTC_d084d 
/usr/bin/ld: CMakeFiles/cmTC_d084d.dir/CheckFunctionExists.c.o: in function `main':
CheckFunctionExists.c:(.text+0x14): undefined reference to `fseek64'
collect2: error: ld returned 1 exit status
gmake[1]: *** [CMakeFiles/cmTC_d084d.dir/build.make:99: cmTC_d084d] Error 1
gmake[1]: Leaving directory '/home/gdal/build/CMakeFiles/CMakeTmp'
gmake: *** [Makefile:127: cmTC_d084d/fast] Error 2



Performing C SOURCE FILE Test NO_UNIX_STDIO_64 failed with the following output:
Change Dir: /home/gdal/build/CMakeFiles/CMakeTmp

Run Build Command(s):/usr/bin/gmake -f Makefile cmTC_73bfc/fast && /usr/bin/gmake  -f CMakeFiles/cmTC_73bfc.dir/build.make CMakeFiles/cmTC_73bfc.dir/build
gmake[1]: Entering directory '/home/gdal/build/CMakeFiles/CMakeTmp'
Building C object CMakeFiles/cmTC_73bfc.dir/src.c.o
/usr/bin/gcc -DNO_UNIX_STDIO_64  -std=gnu99 -o CMakeFiles/cmTC_73bfc.dir/src.c.o -c /home/gdal/build/CMakeFiles/CMakeTmp/src.c
/home/gdal/build/CMakeFiles/CMakeTmp/src.c: In function 'main':
/home/gdal/build/CMakeFiles/CMakeTmp/src.c:9:37: error: storage size of 'buf' isn't known
    9 |         int main() { struct _stat64 buf; _wstat64( "", &buf ); return 0; }
      |                                     ^~~
/home/gdal/build/CMakeFiles/CMakeTmp/src.c:9:42: warning: implicit declaration of function '_wstat64' [-Wimplicit-function-declaration]
    9 |         int main() { struct _stat64 buf; _wstat64( "", &buf ); return 0; }
      |                                          ^~~~~~~~
gmake[1]: *** [CMakeFiles/cmTC_73bfc.dir/build.make:78: CMakeFiles/cmTC_73bfc.dir/src.c.o] Error 1
gmake[1]: Leaving directory '/home/gdal/build/CMakeFiles/CMakeTmp'
gmake: *** [Makefile:127: cmTC_73bfc/fast] Error 2


Source file was:

        #if defined(__MINGW32__)
        #ifndef __MSVCRT_VERSION__
        #define __MSVCRT_VERSION__ 0x0601
        #endif
        #endif
        #include <sys/types.h>
        #include <sys/stat.h>
        int main() { struct _stat64 buf; _wstat64( "", &buf ); return 0; }
    
Performing C++ SOURCE FILE Test DEPRECATE_SPRINTF failed with the following output:
Change Dir: /home/gdal/build/CMakeFiles/CMakeTmp

Run Build Command(s):/usr/bin/gmake -f Makefile cmTC_0559b/fast && /usr/bin/gmake  -f CMakeFiles/cmTC_0559b.dir/build.make CMakeFiles/cmTC_0559b.dir/build
gmake[1]: Entering directory '/home/gdal/build/CMakeFiles/CMakeTmp'
Building CXX object CMakeFiles/cmTC_0559b.dir/src.cxx.o
/usr/bin/g++ -DDEPRECATE_SPRINTF  -std=gnu++11 -o CMakeFiles/cmTC_0559b.dir/src.cxx.o -c /home/gdal/build/CMakeFiles/CMakeTmp/src.cxx
Linking CXX executable cmTC_0559b
/usr/bin/cmake -E cmake_link_script CMakeFiles/cmTC_0559b.dir/link.txt --verbose=1
/usr/bin/g++ CMakeFiles/cmTC_0559b.dir/src.cxx.o -o cmTC_0559b 
/usr/bin/ld: /usr/lib/gcc/x86_64-linux-gnu/11/../../../x86_64-linux-gnu/Scrt1.o: in function `_start':
(.text+0x1b): undefined reference to `main'
collect2: error: ld returned 1 exit status
gmake[1]: *** [CMakeFiles/cmTC_0559b.dir/build.make:99: cmTC_0559b] Error 1
gmake[1]: Leaving directory '/home/gdal/build/CMakeFiles/CMakeTmp'
gmake: *** [Makefile:127: cmTC_0559b/fast] Error 2


Source file was:
#define _XOPEN_SOURCE
#include <vector>
#include <stdio.h>
extern "C"
 {int sprintf(char *str, const char* fmt, ...);}
Determining if the CL_VERSION_2_2 exist failed with the following output:
Change Dir: /home/gdal/build/CMakeFiles/CMakeTmp

Run Build Command(s):/usr/bin/gmake -f Makefile cmTC_a16c2/fast && /usr/bin/gmake  -f CMakeFiles/cmTC_a16c2.dir/build.make CMakeFiles/cmTC_a16c2.dir/build
gmake[1]: Entering directory '/home/gdal/build/CMakeFiles/CMakeTmp'
Building C object CMakeFiles/cmTC_a16c2.dir/CheckSymbolExists.c.o
/usr/bin/gcc   -std=gnu99 -o CMakeFiles/cmTC_a16c2.dir/CheckSymbolExists.c.o -c /home/gdal/build/CMakeFiles/CMakeTmp/CheckSymbolExists.c
/home/gdal/build/CMakeFiles/CMakeTmp/CheckSymbolExists.c:2:10: fatal error: OpenCL_INCLUDE_DIR-NOTFOUND/CL/cl.h: No such file or directory
    2 | #include <OpenCL_INCLUDE_DIR-NOTFOUND/CL/cl.h>
      |          ^~~~~~~~~~~~~~~~~~~~~~~~~~~~~~~~~~~~~
compilation terminated.
gmake[1]: *** [CMakeFiles/cmTC_a16c2.dir/build.make:78: CMakeFiles/cmTC_a16c2.dir/CheckSymbolExists.c.o] Error 1
gmake[1]: Leaving directory '/home/gdal/build/CMakeFiles/CMakeTmp'
gmake: *** [Makefile:127: cmTC_a16c2/fast] Error 2


File /home/gdal/build/CMakeFiles/CMakeTmp/CheckSymbolExists.c:
/* */
#include <OpenCL_INCLUDE_DIR-NOTFOUND/CL/cl.h>

int main(int argc, char** argv)
{
  (void)argv;
#ifndef CL_VERSION_2_2
  return ((int*)(&CL_VERSION_2_2))[argc];
#else
  (void)argc;
  return 0;
#endif
}
Determining if the CL_VERSION_2_1 exist failed with the following output:
Change Dir: /home/gdal/build/CMakeFiles/CMakeTmp

Run Build Command(s):/usr/bin/gmake -f Makefile cmTC_4a7c4/fast && /usr/bin/gmake  -f CMakeFiles/cmTC_4a7c4.dir/build.make CMakeFiles/cmTC_4a7c4.dir/build
gmake[1]: Entering directory '/home/gdal/build/CMakeFiles/CMakeTmp'
Building C object CMakeFiles/cmTC_4a7c4.dir/CheckSymbolExists.c.o
/usr/bin/gcc   -std=gnu99 -o CMakeFiles/cmTC_4a7c4.dir/CheckSymbolExists.c.o -c /home/gdal/build/CMakeFiles/CMakeTmp/CheckSymbolExists.c
/home/gdal/build/CMakeFiles/CMakeTmp/CheckSymbolExists.c:2:10: fatal error: OpenCL_INCLUDE_DIR-NOTFOUND/CL/cl.h: No such file or directory
    2 | #include <OpenCL_INCLUDE_DIR-NOTFOUND/CL/cl.h>
      |          ^~~~~~~~~~~~~~~~~~~~~~~~~~~~~~~~~~~~~
compilation terminated.
gmake[1]: *** [CMakeFiles/cmTC_4a7c4.dir/build.make:78: CMakeFiles/cmTC_4a7c4.dir/CheckSymbolExists.c.o] Error 1
gmake[1]: Leaving directory '/home/gdal/build/CMakeFiles/CMakeTmp'
gmake: *** [Makefile:127: cmTC_4a7c4/fast] Error 2


File /home/gdal/build/CMakeFiles/CMakeTmp/CheckSymbolExists.c:
/* */
#include <OpenCL_INCLUDE_DIR-NOTFOUND/CL/cl.h>

int main(int argc, char** argv)
{
  (void)argv;
#ifndef CL_VERSION_2_1
  return ((int*)(&CL_VERSION_2_1))[argc];
#else
  (void)argc;
  return 0;
#endif
}
Determining if the CL_VERSION_2_0 exist failed with the following output:
Change Dir: /home/gdal/build/CMakeFiles/CMakeTmp

Run Build Command(s):/usr/bin/gmake -f Makefile cmTC_2fdee/fast && /usr/bin/gmake  -f CMakeFiles/cmTC_2fdee.dir/build.make CMakeFiles/cmTC_2fdee.dir/build
gmake[1]: Entering directory '/home/gdal/build/CMakeFiles/CMakeTmp'
Building C object CMakeFiles/cmTC_2fdee.dir/CheckSymbolExists.c.o
/usr/bin/gcc   -std=gnu99 -o CMakeFiles/cmTC_2fdee.dir/CheckSymbolExists.c.o -c /home/gdal/build/CMakeFiles/CMakeTmp/CheckSymbolExists.c
/home/gdal/build/CMakeFiles/CMakeTmp/CheckSymbolExists.c:2:10: fatal error: OpenCL_INCLUDE_DIR-NOTFOUND/CL/cl.h: No such file or directory
    2 | #include <OpenCL_INCLUDE_DIR-NOTFOUND/CL/cl.h>
      |          ^~~~~~~~~~~~~~~~~~~~~~~~~~~~~~~~~~~~~
compilation terminated.
gmake[1]: *** [CMakeFiles/cmTC_2fdee.dir/build.make:78: CMakeFiles/cmTC_2fdee.dir/CheckSymbolExists.c.o] Error 1
gmake[1]: Leaving directory '/home/gdal/build/CMakeFiles/CMakeTmp'
gmake: *** [Makefile:127: cmTC_2fdee/fast] Error 2


File /home/gdal/build/CMakeFiles/CMakeTmp/CheckSymbolExists.c:
/* */
#include <OpenCL_INCLUDE_DIR-NOTFOUND/CL/cl.h>

int main(int argc, char** argv)
{
  (void)argv;
#ifndef CL_VERSION_2_0
  return ((int*)(&CL_VERSION_2_0))[argc];
#else
  (void)argc;
  return 0;
#endif
}
Determining if the CL_VERSION_1_2 exist failed with the following output:
Change Dir: /home/gdal/build/CMakeFiles/CMakeTmp

Run Build Command(s):/usr/bin/gmake -f Makefile cmTC_19d6a/fast && /usr/bin/gmake  -f CMakeFiles/cmTC_19d6a.dir/build.make CMakeFiles/cmTC_19d6a.dir/build
gmake[1]: Entering directory '/home/gdal/build/CMakeFiles/CMakeTmp'
Building C object CMakeFiles/cmTC_19d6a.dir/CheckSymbolExists.c.o
/usr/bin/gcc   -std=gnu99 -o CMakeFiles/cmTC_19d6a.dir/CheckSymbolExists.c.o -c /home/gdal/build/CMakeFiles/CMakeTmp/CheckSymbolExists.c
/home/gdal/build/CMakeFiles/CMakeTmp/CheckSymbolExists.c:2:10: fatal error: OpenCL_INCLUDE_DIR-NOTFOUND/CL/cl.h: No such file or directory
    2 | #include <OpenCL_INCLUDE_DIR-NOTFOUND/CL/cl.h>
      |          ^~~~~~~~~~~~~~~~~~~~~~~~~~~~~~~~~~~~~
compilation terminated.
gmake[1]: *** [CMakeFiles/cmTC_19d6a.dir/build.make:78: CMakeFiles/cmTC_19d6a.dir/CheckSymbolExists.c.o] Error 1
gmake[1]: Leaving directory '/home/gdal/build/CMakeFiles/CMakeTmp'
gmake: *** [Makefile:127: cmTC_19d6a/fast] Error 2


File /home/gdal/build/CMakeFiles/CMakeTmp/CheckSymbolExists.c:
/* */
#include <OpenCL_INCLUDE_DIR-NOTFOUND/CL/cl.h>

int main(int argc, char** argv)
{
  (void)argv;
#ifndef CL_VERSION_1_2
  return ((int*)(&CL_VERSION_1_2))[argc];
#else
  (void)argc;
  return 0;
#endif
}
Determining if the CL_VERSION_1_1 exist failed with the following output:
Change Dir: /home/gdal/build/CMakeFiles/CMakeTmp

Run Build Command(s):/usr/bin/gmake -f Makefile cmTC_96f6b/fast && /usr/bin/gmake  -f CMakeFiles/cmTC_96f6b.dir/build.make CMakeFiles/cmTC_96f6b.dir/build
gmake[1]: Entering directory '/home/gdal/build/CMakeFiles/CMakeTmp'
Building C object CMakeFiles/cmTC_96f6b.dir/CheckSymbolExists.c.o
/usr/bin/gcc   -std=gnu99 -o CMakeFiles/cmTC_96f6b.dir/CheckSymbolExists.c.o -c /home/gdal/build/CMakeFiles/CMakeTmp/CheckSymbolExists.c
/home/gdal/build/CMakeFiles/CMakeTmp/CheckSymbolExists.c:2:10: fatal error: OpenCL_INCLUDE_DIR-NOTFOUND/CL/cl.h: No such file or directory
    2 | #include <OpenCL_INCLUDE_DIR-NOTFOUND/CL/cl.h>
      |          ^~~~~~~~~~~~~~~~~~~~~~~~~~~~~~~~~~~~~
compilation terminated.
gmake[1]: *** [CMakeFiles/cmTC_96f6b.dir/build.make:78: CMakeFiles/cmTC_96f6b.dir/CheckSymbolExists.c.o] Error 1
gmake[1]: Leaving directory '/home/gdal/build/CMakeFiles/CMakeTmp'
gmake: *** [Makefile:127: cmTC_96f6b/fast] Error 2


File /home/gdal/build/CMakeFiles/CMakeTmp/CheckSymbolExists.c:
/* */
#include <OpenCL_INCLUDE_DIR-NOTFOUND/CL/cl.h>

int main(int argc, char** argv)
{
  (void)argv;
#ifndef CL_VERSION_1_1
  return ((int*)(&CL_VERSION_1_1))[argc];
#else
  (void)argc;
  return 0;
#endif
}
Determining if the CL_VERSION_1_0 exist failed with the following output:
Change Dir: /home/gdal/build/CMakeFiles/CMakeTmp

Run Build Command(s):/usr/bin/gmake -f Makefile cmTC_60573/fast && /usr/bin/gmake  -f CMakeFiles/cmTC_60573.dir/build.make CMakeFiles/cmTC_60573.dir/build
gmake[1]: Entering directory '/home/gdal/build/CMakeFiles/CMakeTmp'
Building C object CMakeFiles/cmTC_60573.dir/CheckSymbolExists.c.o
/usr/bin/gcc   -std=gnu99 -o CMakeFiles/cmTC_60573.dir/CheckSymbolExists.c.o -c /home/gdal/build/CMakeFiles/CMakeTmp/CheckSymbolExists.c
/home/gdal/build/CMakeFiles/CMakeTmp/CheckSymbolExists.c:2:10: fatal error: OpenCL_INCLUDE_DIR-NOTFOUND/CL/cl.h: No such file or directory
    2 | #include <OpenCL_INCLUDE_DIR-NOTFOUND/CL/cl.h>
      |          ^~~~~~~~~~~~~~~~~~~~~~~~~~~~~~~~~~~~~
compilation terminated.
gmake[1]: *** [CMakeFiles/cmTC_60573.dir/build.make:78: CMakeFiles/cmTC_60573.dir/CheckSymbolExists.c.o] Error 1
gmake[1]: Leaving directory '/home/gdal/build/CMakeFiles/CMakeTmp'
gmake: *** [Makefile:127: cmTC_60573/fast] Error 2


File /home/gdal/build/CMakeFiles/CMakeTmp/CheckSymbolExists.c:
/* */
#include <OpenCL_INCLUDE_DIR-NOTFOUND/CL/cl.h>

int main(int argc, char** argv)
{
  (void)argv;
#ifndef CL_VERSION_1_0
  return ((int*)(&CL_VERSION_1_0))[argc];
#else
  (void)argc;
  return 0;
#endif
}
